<?xml version="1.0" encoding="UTF-8"?>
<!-- Generated by org.testng.reporters.JUnitReportReporter -->
<testsuite hostname="LAPTOP-QGMSOUBB" failures="0" tests="1" name="testcasePkg.PaySlipPageTest" time="10.217" errors="0" timestamp="2024-02-06T00:06:46 AST" skipped="0">
  <testcase classname="testcasePkg.PaySlipPageTest" name="verifyOnPaySlipTableContentRead" time="10.217"/>
  <system-out/>
</testsuite> <!-- testcasePkg.PaySlipPageTest -->
